-------------------------------------------------------------------------------
Test set: com.app.test.ApplicationTests
-------------------------------------------------------------------------------
Tests run: 1, Failures: 0, Errors: 1, Skipped: 0, Time elapsed: 0.006 s <<< FAILURE! - in com.app.test.ApplicationTests
initializationError  Time elapsed: 0.002 s  <<< ERROR!
java.lang.Exception: No runnable methods

